\BOOKMARK [0][-]{chapter*.1}{\376\377\000E\000r\000k\000l\000\344\000r\000u\000n\000g}{}% 1
\BOOKMARK [0][-]{chapter*.3}{\376\377\000K\000u\000r\000z\000f\000a\000s\000s\000u\000n\000g}{}% 2
\BOOKMARK [0][-]{chapter*.4}{\376\377\000A\000b\000s\000t\000r\000a\000c\000t}{}% 3
\BOOKMARK [0][-]{chapter.1}{\376\377\000E\000i\000n\000l\000e\000i\000t\000u\000n\000g}{}% 4
\BOOKMARK [1][-]{section.1.1}{\376\377\000E\000i\000n\000f\000\374\000h\000r\000u\000n\000g}{chapter.1}% 5
\BOOKMARK [1][-]{section.1.2}{\376\377\000A\000u\000f\000g\000a\000b\000e\000n\000s\000t\000e\000l\000l\000u\000n\000g}{chapter.1}% 6
\BOOKMARK [1][-]{section.1.3}{\376\377\000T\000e\000r\000m\000i\000n\000o\000l\000o\000g\000i\000e\000n\000\040\000u\000n\000d\000\040\000B\000e\000g\000r\000i\000f\000f\000l\000i\000c\000h\000k\000e\000i\000t\000e\000n}{chapter.1}% 7
\BOOKMARK [0][-]{chapter.2}{\376\377\000C\000l\000u\000s\000t\000e\000r\000i\000n\000g}{}% 8
\BOOKMARK [1][-]{section.2.1}{\376\377\000E\000i\000n\000f\000\374\000h\000r\000u\000n\000g}{chapter.2}% 9
\BOOKMARK [1][-]{section.2.2}{\376\377\000D\000a\000t\000e\000n\000r\000e\000p\000r\000\344\000s\000e\000n\000t\000a\000t\000i\000o\000n}{chapter.2}% 10
\BOOKMARK [1][-]{section.2.3}{\376\377\000A\000l\000g\000o\000r\000i\000t\000h\000m\000e\000n}{chapter.2}% 11
\BOOKMARK [2][-]{subsection.2.3.1}{\376\377\000A\000l\000l\000g\000e\000m\000e\000i\000n}{section.2.3}% 12
\BOOKMARK [2][-]{subsection.2.3.2}{\376\377\000k\000-\000m\000e\000a\000n\000s\000\040\000A\000l\000g\000o\000r\000i\000t\000h\000m\000u\000s}{section.2.3}% 13
\BOOKMARK [2][-]{subsection.2.3.3}{\376\377\000H\000i\000e\000r\000a\000r\000c\000h\000i\000s\000c\000h\000\040\000C\000l\000u\000s\000t\000e\000r\000i\000n\000g}{section.2.3}% 14
\BOOKMARK [2][-]{subsection.2.3.4}{\376\377\000S\000e\000l\000f\000-\000o\000r\000g\000a\000n\000i\000z\000i\000n\000g\000\040\000M\000a\000p\000s}{section.2.3}% 15
\BOOKMARK [2][-]{subsection.2.3.5}{\376\377\000G\000r\000a\000p\000h\000-\000b\000a\000s\000e\000d\000\040\000C\000l\000u\000s\000t\000e\000r\000i\000n\000g}{section.2.3}% 16
\BOOKMARK [2][-]{subsection.2.3.6}{\376\377\000S\000p\000e\000c\000t\000r\000a\000l\000\040\000C\000l\000u\000s\000t\000e\000r\000i\000n\000g}{section.2.3}% 17
\BOOKMARK [1][-]{section.2.4}{\376\377\000A\000n\000w\000e\000n\000d\000u\000n\000g\000s\000g\000e\000b\000i\000e\000t\000e}{chapter.2}% 18
\BOOKMARK [1][-]{section.2.5}{\376\377\000V\000i\000s\000u\000a\000l\000i\000s\000i\000e\000r\000u\000n\000g}{chapter.2}% 19
\BOOKMARK [1][-]{section.2.6}{\376\377\000Z\000u\000s\000a\000m\000m\000e\000n\000f\000a\000s\000s\000u\000n\000g\000\040\000u\000n\000d\000\040\000A\000u\000s\000b\000l\000i\000c\000k}{chapter.2}% 20
\BOOKMARK [0][-]{chapter.3}{\376\377\000K\000l\000a\000s\000s\000i\000f\000i\000k\000a\000t\000i\000o\000n}{}% 21
\BOOKMARK [1][-]{section.3.1}{\376\377\000E\000i\000n\000f\000\374\000h\000r\000u\000n\000g}{chapter.3}% 22
\BOOKMARK [1][-]{section.3.2}{\376\377\000K\000l\000a\000s\000s\000i\000f\000i\000k\000a\000t\000i\000o\000n\000s\000g\000\374\000t\000e}{chapter.3}% 23
\BOOKMARK [2][-]{subsection.3.2.1}{\376\377\000B\000e\000s\000c\000h\000r\000e\000i\000b\000u\000n\000g}{section.3.2}% 24
\BOOKMARK [2][-]{subsection.3.2.2}{\376\377\000T\000r\000a\000i\000n\000\040\000u\000n\000d\000\040\000T\000e\000s\000t}{section.3.2}% 25
\BOOKMARK [1][-]{section.3.3}{\376\377\000A\000l\000g\000o\000r\000i\000t\000h\000m\000e\000n}{chapter.3}% 26
\BOOKMARK [2][-]{subsection.3.3.1}{\376\377\000B\000a\000y\000e\000s\000-\000K\000l\000a\000s\000s\000i\000f\000i\000k\000a\000t\000o\000r\000e\000n}{section.3.3}% 27
\BOOKMARK [2][-]{subsection.3.3.2}{\376\377\000E\000n\000t\000s\000c\000h\000e\000i\000d\000u\000n\000g\000s\000b\000\344\000u\000m\000e}{section.3.3}% 28
\BOOKMARK [2][-]{subsection.3.3.3}{\376\377\000\050\000k\000\051\000-\000N\000\344\000c\000h\000s\000t\000e\000-\000N\000a\000c\000h\000b\000a\000r\000n\000-\000K\000l\000a\000s\000s\000i\000f\000i\000k\000a\000t\000o\000r\000e\000n}{section.3.3}% 29
\BOOKMARK [1][-]{section.3.4}{\376\377\000Z\000u\000s\000a\000m\000m\000e\000n\000f\000a\000s\000s\000u\000n\000g\000\040\000u\000n\000d\000\040\000A\000u\000s\000b\000l\000i\000c\000k}{chapter.3}% 30
\BOOKMARK [0][-]{chapter.4}{\376\377\000B\000e\000i\000s\000p\000i\000e\000l\000e}{}% 31
\BOOKMARK [1][-]{section.4.1}{\376\377\000T\000o\000o\000l\000s}{chapter.4}% 32
\BOOKMARK [1][-]{section.4.2}{\376\377\000K\000l\000a\000s\000s\000i\000f\000i\000k\000a\000t\000i\000o\000n}{chapter.4}% 33
\BOOKMARK [2][-]{subsection.4.2.1}{\376\377\000E\000i\000n\000f\000\374\000h\000r\000u\000n\000g}{section.4.2}% 34
\BOOKMARK [2][-]{subsection.4.2.2}{\376\377\000I\000r\000i\000s\000\040\000D\000a\000t\000e\000n\000s\000a\000t\000z}{section.4.2}% 35
\BOOKMARK [2][-]{subsection.4.2.3}{\376\377\000W\000i\000s\000c\000o\000n\000s\000i\000n\000\040\000D\000i\000a\000g\000n\000o\000s\000t\000i\000c\000\040\000B\000r\000e\000a\000s\000t\000\040\000C\000a\000n\000c\000e\000r\000\040\000D\000a\000t\000e\000n\000s\000a\000t\000z}{section.4.2}% 36
\BOOKMARK [2][-]{subsection.4.2.4}{\376\377\000P\000a\000r\000k\000i\000n\000s\000o\000n\000s\000\040\000D\000a\000t\000e\000n\000s\000a\000t\000z}{section.4.2}% 37
\BOOKMARK [2][-]{subsection.4.2.5}{\376\377\000F\000a\000z\000i\000t}{section.4.2}% 38
\BOOKMARK [1][-]{section.4.3}{\376\377\000C\000l\000u\000s\000t\000e\000r\000i\000n\000g}{chapter.4}% 39
\BOOKMARK [2][-]{subsection.4.3.1}{\376\377\000E\000i\000n\000f\000\374\000h\000r\000u\000n\000g}{section.4.3}% 40
\BOOKMARK [2][-]{subsection.4.3.2}{\376\377\000I\000r\000i\000s\000\040\000D\000a\000t\000e\000n\000s\000a\000t\000z}{section.4.3}% 41
\BOOKMARK [2][-]{subsection.4.3.3}{\376\377\000W\000i\000s\000c\000o\000n\000s\000i\000n\000\040\000D\000i\000a\000g\000n\000o\000s\000t\000i\000c\000\040\000B\000r\000e\000a\000s\000t\000\040\000C\000a\000n\000c\000e\000r\000\040\000D\000a\000t\000e\000n\000s\000a\000t\000z}{section.4.3}% 42
\BOOKMARK [2][-]{subsection.4.3.4}{\376\377\000P\000a\000r\000k\000i\000n\000s\000o\000n\000s\000\040\000D\000a\000t\000e\000n\000s\000a\000t\000z}{section.4.3}% 43
\BOOKMARK [2][-]{subsection.4.3.5}{\376\377\000F\000a\000z\000i\000t}{section.4.3}% 44
\BOOKMARK [0][-]{chapter.5}{\376\377\000S\000c\000h\000l\000u\000s\000s}{}% 45
\BOOKMARK [1][-]{section.5.1}{\376\377\000Z\000u\000s\000a\000m\000m\000e\000n\000f\000a\000s\000s\000u\000n\000g}{chapter.5}% 46
\BOOKMARK [0][-]{chapter*.12}{\376\377\000Q\000u\000e\000l\000l\000e\000n\000v\000e\000r\000z\000e\000i\000c\000h\000n\000i\000s}{}% 47
\BOOKMARK [1][-]{section*.13}{\376\377\000L\000i\000t\000e\000r\000a\000t\000u\000r}{chapter*.12}% 48
