\BOOKMARK [0][-]{chapter.1}{\376\377\000E\000i\000n\000l\000e\000i\000t\000u\000n\000g}{}% 1
\BOOKMARK [1][-]{section.1.1}{\376\377\000E\000i\000n\000f\000\374\000h\000r\000u\000n\000g}{chapter.1}% 2
\BOOKMARK [1][-]{section.1.2}{\376\377\000Z\000i\000e\000l\000s\000e\000t\000z\000u\000n\000g}{chapter.1}% 3
\BOOKMARK [1][-]{section.1.3}{\376\377\000M\000o\000t\000i\000v\000a\000t\000i\000o\000n\000\040\000f\000\374\000r\000\040\000d\000i\000e\000\040\000A\000n\000w\000e\000n\000d\000u\000n\000g\000\040\000d\000e\000r\000\040\000E\000W\000S\000-\000A\000P\000I}{chapter.1}% 4
\BOOKMARK [0][-]{chapter.2}{\376\377\000S\000t\000a\000t\000e\000\040\000o\000f\000\040\000t\000h\000e\000\040\000A\000r\000t}{}% 5
\BOOKMARK [1][-]{section.2.1}{\376\377\000E\000W\000S\000\040\000A\000P\000I}{chapter.2}% 6
\BOOKMARK [2][-]{subsection.2.1.1}{\376\377\000B\000e\000s\000c\000h\000r\000e\000i\000b\000u\000n\000g}{section.2.1}% 7
\BOOKMARK [2][-]{subsection.2.1.2}{\376\377\000F\000u\000n\000k\000t\000i\000o\000n\000e\000n}{section.2.1}% 8
\BOOKMARK [2][-]{subsection.2.1.3}{\376\377\000V\000o\000r\000t\000e\000i\000l\000e}{section.2.1}% 9
\BOOKMARK [2][-]{subsection.2.1.4}{\376\377\000N\000a\000c\000h\000t\000e\000i\000l\000e}{section.2.1}% 10
\BOOKMARK [1][-]{section.2.2}{\376\377\000M\000R\000P\000\040\000-\000\040\000M\000u\000l\000t\000i\000d\000i\000m\000e\000n\000s\000i\000o\000n\000a\000l\000e\000s\000\040\000R\000e\000s\000s\000o\000u\000r\000c\000e\000n\000\040\000P\000l\000a\000n\000n\000i\000n\000g}{chapter.2}% 11
\BOOKMARK [2][-]{subsection.2.2.1}{\376\377\000B\000e\000s\000c\000h\000r\000e\000i\000b\000u\000n\000g}{section.2.2}% 12
\BOOKMARK [2][-]{subsection.2.2.2}{\376\377\000F\000u\000n\000k\000t\000i\000o\000n\000s\000w\000e\000i\000s\000e}{section.2.2}% 13
\BOOKMARK [2][-]{subsection.2.2.3}{\376\377\000G\0003\000\040\000H\000I\000S}{section.2.2}% 14
\BOOKMARK [0][-]{chapter.3}{\376\377\000D\000e\000s\000i\000g\000n}{}% 15
\BOOKMARK [1][-]{section.3.1}{\376\377\000K\000o\000n\000z\000e\000p\000t\000\040\0001\000:\000\040\000M\000a\000n\000u\000e\000l\000l\000e\000\040\000I\000n\000t\000e\000r\000a\000k\000t\000i\000o\000n\000\040\000m\000i\000t\000\040\000d\000e\000r\000\040\000O\000u\000t\000l\000o\000o\000k\000o\000b\000e\000r\000f\000l\000\344\000c\000h\000e}{chapter.3}% 16
\BOOKMARK [2][-]{subsection.3.1.1}{\376\377\000E\000x\000c\000h\000a\000n\000g\000e\000\040\000S\000e\000r\000v\000e\000r}{section.3.1}% 17
\BOOKMARK [2][-]{subsection.3.1.2}{\376\377\000E\000m\000a\000i\000l\000s}{section.3.1}% 18
\BOOKMARK [2][-]{subsection.3.1.3}{\376\377\000T\000e\000r\000m\000i\000n\000e\000\040\000u\000n\000d\000\040\000K\000a\000l\000e\000n\000d\000e\000r}{section.3.1}% 19
\BOOKMARK [2][-]{subsection.3.1.4}{\376\377\000A\000u\000f\000g\000a\000b\000e\000n}{section.3.1}% 20
\BOOKMARK [2][-]{subsection.3.1.5}{\376\377\000K\000o\000n\000t\000a\000k\000t\000e\000\040\000/\000\040\000A\000d\000r\000e\000s\000s\000e\000n}{section.3.1}% 21
\BOOKMARK [2][-]{subsection.3.1.6}{\376\377\000G\000l\000o\000b\000a\000l\000e\000s\000\040\000A\000d\000r\000e\000s\000s\000b\000u\000c\000h}{section.3.1}% 22
\BOOKMARK [2][-]{subsection.3.1.7}{\376\377\000O\000u\000t\000l\000o\000o\000k\000\040\000W\000e\000b\000\040\000A\000p\000p}{section.3.1}% 23
\BOOKMARK [1][-]{section.3.2}{\376\377\000K\000o\000n\000z\000e\000p\000t\000\040\0002\000:\000\040\000A\000n\000s\000t\000e\000u\000e\000r\000u\000n\000g\000\040\000v\000o\000n\000\040\000O\000u\000t\000l\000o\000o\000k\000\040\000m\000i\000t\000\040\000H\000i\000l\000f\000e\000\040\000v\000o\000n\000\040\000E\000W\000S}{chapter.3}% 24
\BOOKMARK [1][-]{section.3.3}{\376\377\000K\000o\000n\000z\000e\000p\000t\000\040\0003\000:\000\040\000A\000n\000s\000t\000e\000u\000e\000r\000u\000n\000g\000\040\000m\000i\000t\000t\000e\000l\000s\000\040\000M\000R\000P}{chapter.3}% 25
\BOOKMARK [0][-]{chapter.4}{\376\377\000I\000m\000p\000l\000e\000m\000e\000n\000t\000i\000e\000r\000u\000n\000g}{}% 26
\BOOKMARK [1][-]{section.4.1}{\376\377\000O\000u\000t\000l\000o\000o\000k}{chapter.4}% 27
\BOOKMARK [2][-]{subsection.4.1.1}{\376\377\000A\000p\000p\000o\000i\000n\000t\000m\000e\000n\000t\000s}{section.4.1}% 28
\BOOKMARK [2][-]{subsection.4.1.2}{\376\377\000A\000v\000a\000i\000l\000a\000b\000i\000l\000i\000t\000y}{section.4.1}% 29
\BOOKMARK [2][-]{subsection.4.1.3}{\376\377\000K\000a\000l\000e\000n\000d\000e\000r}{section.4.1}% 30
\BOOKMARK [2][-]{subsection.4.1.4}{\376\377\000K\000o\000n\000t\000a\000k\000t}{section.4.1}% 31
\BOOKMARK [2][-]{subsection.4.1.5}{\376\377\000E\000m\000a\000i\000l}{section.4.1}% 32
\BOOKMARK [2][-]{subsection.4.1.6}{\376\377\000E\000x\000c\000h\000a\000n\000g\000e\000s\000e\000r\000v\000i\000c\000e}{section.4.1}% 33
\BOOKMARK [2][-]{subsection.4.1.7}{\376\377\000F\000i\000l\000t\000e\000r}{section.4.1}% 34
\BOOKMARK [2][-]{subsection.4.1.8}{\376\377\000M\000o\000d\000e\000l}{section.4.1}% 35
\BOOKMARK [1][-]{section.4.2}{\376\377\000M\000a\000s\000t\000e\000r\000d\000a\000t\000a}{chapter.4}% 36
\BOOKMARK [2][-]{subsection.4.2.1}{\376\377\000B\000e\000s\000c\000h\000r\000e\000i\000b\000u\000n\000g}{section.4.2}% 37
\BOOKMARK [2][-]{subsection.4.2.2}{\376\377\000S\000t\000r\000u\000k\000t\000u\000r}{section.4.2}% 38
\BOOKMARK [0][-]{chapter.5}{\376\377\000E\000v\000a\000l\000u\000i\000e\000r\000u\000n\000g}{}% 39
\BOOKMARK [1][-]{section.5.1}{\376\377\000E\000i\000n\000l\000e\000i\000t\000u\000n\000g}{chapter.5}% 40
\BOOKMARK [1][-]{section.5.2}{\376\377\000T\000e\000s\000t\000u\000m\000g\000e\000b\000u\000n\000g}{chapter.5}% 41
\BOOKMARK [1][-]{section.5.3}{\376\377\000B\000e\000n\000u\000t\000z\000e\000r\000i\000n\000t\000e\000r\000a\000k\000t\000i\000v\000e\000s\000\040\000T\000e\000s\000t\000e\000n}{chapter.5}% 42
\BOOKMARK [0][-]{chapter.6}{\376\377\000Z\000u\000s\000a\000m\000m\000e\000n\000f\000a\000s\000s\000u\000n\000g}{}% 43
\BOOKMARK [1][-]{section.6.1}{\376\377\000R\000e\000s\000u\000l\000t\000a\000t\000e}{chapter.6}% 44
\BOOKMARK [1][-]{section.6.2}{\376\377\000D\000i\000s\000k\000u\000s\000s\000i\000o\000n}{chapter.6}% 45
\BOOKMARK [1][-]{section.6.3}{\376\377\000A\000u\000s\000b\000l\000i\000c\000k}{chapter.6}% 46
\BOOKMARK [0][-]{chapter.7}{\376\377\000A\000n\000h\000a\000n\000g}{}% 47
\BOOKMARK [1][-]{section.7.1}{\376\377\000L\000i\000t\000e\000r\000a\000t\000u\000r}{chapter.7}% 48
