\BOOKMARK [0][-]{chapter*.1}{\376\377\000E\000r\000k\000l\000\344\000r\000u\000n\000g}{}% 1
\BOOKMARK [0][-]{chapter*.2}{\376\377\000K\000u\000r\000z\000f\000a\000s\000s\000u\000n\000g}{}% 2
\BOOKMARK [0][-]{chapter*.3}{\376\377\000A\000b\000s\000t\000r\000a\000c\000t}{}% 3
\BOOKMARK [0][-]{chapter.1}{\376\377\000E\000i\000n\000l\000e\000i\000t\000u\000n\000g}{}% 4
\BOOKMARK [1][-]{section.1.1}{\376\377\000Z\000i\000e\000l\000s\000e\000t\000z\000u\000n\000g}{chapter.1}% 5
\BOOKMARK [0][-]{chapter.2}{\376\377\000S\000t\000a\000t\000e\000\040\000o\000f\000\040\000t\000h\000e\000\040\000A\000r\000t}{}% 6
\BOOKMARK [1][-]{section.2.1}{\376\377\000E\000W\000S\000\040\000A\000P\000I}{chapter.2}% 7
\BOOKMARK [2][-]{subsection.2.1.1}{\376\377\000F\000u\000n\000k\000t\000i\000o\000n\000e\000n}{section.2.1}% 8
\BOOKMARK [1][-]{section.2.2}{\376\377\000M\000u\000l\000t\000i\000d\000i\000m\000e\000n\000s\000i\000o\000n\000a\000l\000e\000s\000\040\000R\000e\000s\000s\000o\000u\000r\000c\000e\000n\000\040\000P\000l\000a\000n\000n\000i\000n\000g\000\040\000\050\000M\000R\000P\000\051}{chapter.2}% 9
\BOOKMARK [2][-]{subsection.2.2.1}{\376\377\000F\000u\000n\000k\000t\000i\000o\000n\000s\000w\000e\000i\000s\000e}{section.2.2}% 10
\BOOKMARK [2][-]{subsection.2.2.2}{\376\377\000M\000a\000s\000t\000e\000r\000d\000a\000t\000a}{section.2.2}% 11
\BOOKMARK [2][-]{subsection.2.2.3}{\376\377\000H\000o\000s\000p\000i\000t\000a\000l\000\040\000I\000n\000f\000o\000r\000m\000a\000t\000i\000o\000n\000\040\000S\000y\000s\000t\000e\000m}{section.2.2}% 12
\BOOKMARK [0][-]{chapter.3}{\376\377\000K\000o\000n\000z\000e\000p\000t\000\040\000u\000n\000d\000\040\000D\000e\000s\000i\000g\000n}{}% 13
\BOOKMARK [1][-]{section.3.1}{\376\377\000A\000n\000s\000t\000e\000u\000e\000r\000u\000n\000g\000\040\000m\000i\000t\000t\000e\000l\000s\000\040\000M\000R\000P}{chapter.3}% 14
\BOOKMARK [0][-]{chapter.4}{\376\377\000I\000m\000p\000l\000e\000m\000e\000n\000t\000i\000e\000r\000u\000n\000g}{}% 15
\BOOKMARK [1][-]{section.4.1}{\376\377\000M\000i\000c\000r\000o\000s\000o\000f\000t\000\040\000O\000u\000t\000l\000o\000o\000k}{chapter.4}% 16
\BOOKMARK [2][-]{subsection.4.1.1}{\376\377\000E\000x\000c\000h\000a\000n\000g\000e\000s\000e\000r\000v\000i\000c\000e}{section.4.1}% 17
\BOOKMARK [2][-]{subsection.4.1.2}{\376\377\000M\000o\000d\000e\000l}{section.4.1}% 18
\BOOKMARK [2][-]{subsection.4.1.3}{\376\377\000K\000a\000l\000e\000n\000d\000e\000r}{section.4.1}% 19
\BOOKMARK [2][-]{subsection.4.1.4}{\376\377\000A\000p\000p\000o\000i\000n\000t\000m\000e\000n\000t\000s}{section.4.1}% 20
\BOOKMARK [2][-]{subsection.4.1.5}{\376\377\000A\000v\000a\000i\000l\000a\000b\000i\000l\000i\000t\000y}{section.4.1}% 21
\BOOKMARK [2][-]{subsection.4.1.6}{\376\377\000K\000o\000n\000t\000a\000k\000t}{section.4.1}% 22
\BOOKMARK [2][-]{subsection.4.1.7}{\376\377\000E\000m\000a\000i\000l}{section.4.1}% 23
\BOOKMARK [2][-]{subsection.4.1.8}{\376\377\000F\000i\000l\000t\000e\000r}{section.4.1}% 24
\BOOKMARK [1][-]{section.4.2}{\376\377\000M\000a\000s\000t\000e\000r\000d\000a\000t\000a\000-\000F\000e\000a\000t\000u\000r\000e}{chapter.4}% 25
\BOOKMARK [2][-]{subsection.4.2.1}{\376\377\000F\000i\000l\000t\000e\000r}{section.4.2}% 26
\BOOKMARK [2][-]{subsection.4.2.2}{\376\377\000F\000i\000l\000t\000e\000r\000k\000o\000m\000p\000o\000n\000e\000n\000t\000e\000n}{section.4.2}% 27
\BOOKMARK [2][-]{subsection.4.2.3}{\376\377\000W\000e\000b\000o\000b\000e\000r\000f\000l\000\344\000c\000h\000e}{section.4.2}% 28
\BOOKMARK [0][-]{chapter.5}{\376\377\000E\000v\000a\000l\000u\000i\000e\000r\000u\000n\000g}{}% 29
\BOOKMARK [1][-]{section.5.1}{\376\377\000E\000i\000n\000l\000e\000i\000t\000u\000n\000g}{chapter.5}% 30
\BOOKMARK [1][-]{section.5.2}{\376\377\000B\000e\000n\000u\000t\000z\000e\000r\000i\000n\000t\000e\000r\000a\000k\000t\000i\000v\000e\000s\000\040\000T\000e\000s\000t\000e\000n}{chapter.5}% 31
\BOOKMARK [0][-]{chapter.6}{\376\377\000Z\000u\000s\000a\000m\000m\000e\000n\000f\000a\000s\000s\000u\000n\000g}{}% 32
\BOOKMARK [1][-]{section.6.1}{\376\377\000R\000e\000s\000u\000l\000t\000a\000t\000e}{chapter.6}% 33
\BOOKMARK [1][-]{section.6.2}{\376\377\000D\000i\000s\000k\000u\000s\000s\000i\000o\000n}{chapter.6}% 34
\BOOKMARK [0][-]{chapter*.8}{\376\377\000Q\000u\000e\000l\000l\000e\000n\000v\000e\000r\000z\000e\000i\000c\000h\000n\000i\000s}{}% 35
\BOOKMARK [1][-]{section*.9}{\376\377\000L\000i\000t\000e\000r\000a\000t\000u\000r}{chapter*.8}% 36
